<?xml version="1.0" encoding="UTF-8"?>
<!-- Generated by org.testng.reporters.JUnitReportReporter -->
<testsuite skipped="0" hostname="icy" name="restassured.TC001_GET_Weather" tests="1" failures="0" timestamp="09 Nov 2020 14:25:03 GMT" time="1.052" errors="0">
  <testcase name="getweatherDetails" time="1.052" classname="restassured.TC001_GET_Weather"/>
</testsuite> <!-- restassured.TC001_GET_Weather -->
