<?xml version="1.0" encoding="UTF-8"?>
<!-- Generated by org.testng.reporters.JUnitReportReporter -->
<testsuite skipped="0" hostname="icy" name="Videogameapi.TC_VideoGameAPI" tests="1" failures="0" timestamp="15 Nov 2020 16:58:58 GMT" time="4.035" errors="0">
  <testcase name="test_getvideogames" time="4.035" classname="Videogameapi.TC_VideoGameAPI"/>
</testsuite> <!-- Videogameapi.TC_VideoGameAPI -->
