<?xml version="1.0" encoding="UTF-8"?>
<!-- Generated by org.testng.reporters.JUnitReportReporter -->
<testsuite skipped="0" hostname="icy" name="Videogameapi.TC_VideoGameAPI" tests="1" failures="0" timestamp="14 Nov 2020 16:15:33 GMT" time="3.253" errors="0">
  <testcase name="test_getvideogames" time="3.253" classname="Videogameapi.TC_VideoGameAPI"/>
</testsuite> <!-- Videogameapi.TC_VideoGameAPI -->
